Added connection Florina - Dragos
Added connection Florina - Gheorghita
Added connection Florina - Sabin
Added connection Florina - Gabi
Added connection Florina - Stelian
Added connection Florina - Paulina
Added connection Florina - Casandra
Added connection Florina - Floriana
Added connection Florina - Zaharia
Added connection Florina - Ovidiu
Created create for create
Created create for create
Created create for create
Created create for create
Created create for create
Created create for create
Created create for create
Created create for create
Created create for create
Created create for create
MEMLEAKS: Check .valgrind file for memory leak info
