Added connection Andrada - Lica
Added connection Lica - Lidia
Added connection Lidia - Dumitra
Added connection Dumitra - Viorica
Added connection Viorica - Cerasela
Added connection Cerasela - Florenta
Added connection Florenta - Claudia
Added connection Claudia - Haralamb
Added connection Haralamb - Crina
Added connection Crina - Arina
Added connection Arina - Betina
Added connection Betina - Gratiela
Added connection Gratiela - Amza
Added connection Amza - Albertina
Added connection Albertina - Olivia
Added connection Andrada - Malina
Added connection Andrada - Ludovica
Added connection Andrada - Marina
Added connection Andrada - Codrut
Added connection Eliza - Artemisa
Added connection Andrada - Natalia
Added connection Andrada - Mirabela
Added connection Andrada - Anastasia
Added connection Andrada - Iosefina
Added connection Andrada - Florenta
Added connection Andrada - Augustina
Added connection Andrada - Marius
Added connection Andrada - Mihnea
Added connection Andrada - Ilarion
Added connection Andrada - Ilinca
Added connection Lucretiu - Iris
Added connection Iris - Lorin
Added connection Lorin - Aglaia
Added connection Aglaia - Irina
Added connection Irina - Vasilica
Added connection Vasilica - Narcis
Added connection Narcis - Clementina
Added connection Clementina - Marilena
Added connection Marilena - Catinca
Added connection Catinca - Felix
Added connection Lucretiu - Elvira
Added connection Elvira - Denis
Added connection Denis - Miruna
Added connection Miruna - Felix
