Added connection Rafael - Mariuca
Added connection Rafael - Emanoil
Added connection Rafael - Raducu
Added connection Rafael - Gregorian
Added connection Rafael - Constantin
Added connection Rafael - Miruna
Added connection Rafael - Dorian
Added connection Rafael - Leopoldina
Added connection Rafael - Ivona
Added connection Rafael - Carolina
Created create for create
Created create for create
Created create for create
Created create for create
Created create for create
Created create for create
Created create for create
Created create for create
Created create for create
Created create for create
MEMLEAKS: Check .valgrind file for memory leak info
