Added connection Florian - Olivia
Added connection Olivia - Adelina
Added connection Letitia - Frederic
Added connection Olivia - Elena
Added connection Olivia - Romeo
Added connection Olivia - Luca
Added connection Letitia - Elena
Added connection Letitia - Florian
Added connection Veta - Teohari
Added connection Ileana - Laurentiu
Added connection Grigore - Teodora
Added connection Albert - Emanoil
Added connection Flavia - Olivia
Added connection Flavia - Teodora
Added connection Flavia - Romeo
Added connection Flavia - Elena
Added connection Letitia - Ileana
Added connection Elena - Veta
Added connection Luca - Flavia
Added connection Flavia - Emanoil
Added connection Emanoil - Teodora
Added connection Veta - Emanoil
