216 30
Added connection Petre - Tiberiu
291 216
Added connection Remus - Petre
303 291
Added connection Rafael - Remus
207 303
Added connection Zina - Rafael
181 207
Added connection Emanuela - Zina
367 181
Added connection Paul - Emanuela
493 367
Added connection Barbu - Paul
164 493
Added connection Avram - Barbu
339 164
Added connection Lica - Avram
340 339
Added connection Roxana - Lica
166 340
Added connection Ruxandra - Roxana
8 166
Added connection Iosefina - Ruxandra
348 8
Added connection Antonie - Iosefina
439 348
Added connection Adelaida - Antonie
507 439
Added connection Alberta - Adelaida
114 507
Added connection Maxim - Alberta
202 114
Added connection Dorin - Maxim
113 202
Added connection Romeo - Dorin
93 113
Added connection Xenia - Romeo
470 93
Added connection Ozana - Xenia
