62 472
Added connection Anisoara - Raul
254 58
Added connection Leonard - Lascar
458 367
Added connection Hortensia - Paul
258 37
Added connection Fiodor - Ionela
258 472
Added connection Fiodor - Raul
258 212
Added connection Fiodor - Sabrina
190 105
Added connection Gabi - Teohari
37 472
Added connection Ionela - Raul
37 212
Added connection Ionela - Sabrina
41 233
Added connection Gratian - Julia
262 151
Added connection Luca - Natalia
472 212
Added connection Raul - Sabrina
431 61
Added connection Ioan - Smaranda
46 92
Added connection Rada - Nechifor
82 196
Added connection Adam - Panagachie
271 184
Added connection Aurel - Jenel
271 212
Added connection Aurel - Sabrina
368 54
Added connection Miruna - Mircea
184 212
Added connection Jenel - Sabrina
393 269
Added connection Nicu - Estera
88 267
Added connection Adina - Crina
271 495
Added connection Aurel - Denis
271 42
Added connection Aurel - Florea
271 36
Added connection Aurel - Luiza
271 315
Added connection Aurel - Panait
117 485
Added connection Francesca - Decebal
495 42
Added connection Denis - Florea
495 36
Added connection Denis - Luiza
495 315
Added connection Denis - Panait
260 57
Added connection Aurelia - Demetra
10 415
Added connection Amedeu - Varvara
42 36
Added connection Florea - Luiza
42 315
Added connection Florea - Panait
397 425
Added connection Bogdana - Coralia
479 105
Added connection Ina - Teohari
224 152
Added connection Gentiana - Pamfil
36 315
Added connection Luiza - Panait
441 280
Added connection Lidia - Titus
218 501
Added connection Arsenie - Arina
124 427
Added connection Adelina - Daniela
408 46
Added connection Valter - Rada
