10 164
Added connection Amedeu - Avram
375 360
Added connection Mona - Janina
361 96
Added connection Catalina - Axinte
96 344
Added connection Axinte - Cerasela
96 476
Added connection Axinte - Vladimir
242 460
Added connection Elisabeta - Carmina
344 476
Added connection Cerasela - Vladimir
378 64
Added connection Liana - Anemona
346 432
Added connection Mioara - Caterina
432 14
Added connection Caterina - Evanghelina
432 59
Added connection Caterina - Ilona
432 65
Added connection Caterina - Saveta
300 348
Added connection Dariana - Antonie
14 59
Added connection Evanghelina - Ilona
14 65
Added connection Evanghelina - Saveta
64 414
Added connection Anemona - Octaviana
104 36
Added connection Amza - Luiza
59 65
Added connection Ilona - Saveta
326 293
Added connection Horea - Ghita
321 361
Added connection Laurian - Catalina
254 451
Added connection Leonard - Mugur
349 344
Added connection Axenia - Cerasela
349 232
Added connection Axenia - Cosmina
349 497
Added connection Axenia - Letitia
349 438
Added connection Axenia - Lucia
349 327
Added connection Axenia - Tudorita
261 323
Added connection Horia - Flaviu
344 232
Added connection Cerasela - Cosmina
344 497
Added connection Cerasela - Letitia
344 438
Added connection Cerasela - Lucia
344 327
Added connection Cerasela - Tudorita
345 424
Added connection Veronica - Milena
407 345
Added connection Evelina - Veronica
232 497
Added connection Cosmina - Letitia
232 438
Added connection Cosmina - Lucia
232 327
Added connection Cosmina - Tudorita
84 384
Added connection Marina - Maximilian
118 376
Added connection Ramona - Leontin
290 6
Added connection Antonela - Steluta
497 438
Added connection Letitia - Lucia
497 327
Added connection Letitia - Tudorita
170 240
Added connection Ilarie - Eduard
5 402
Added connection Catalin - Darius
249 399
Added connection Doriana - Codruta
201 352
Added connection Emilian - Beatrice
438 327
Added connection Lucia - Tudorita
295 102
Added connection Maricica - Vasilica
166 74
Added connection Ruxandra - Adelin
378 306
Added connection Liana - Mirabela
297 126
Added connection Filofteia - Viorica
230 410
Added connection Theodor - Nicoara
97 384
Added connection Daiana - Maximilian
97 215
Added connection Daiana - Zamfira
97 246
Added connection Daiana - Zaraza
70 338
Added connection Petruta - Georgeta
384 215
Added connection Maximilian - Zamfira
384 246
Added connection Maximilian - Zaraza
193 272
Added connection Gabriela - Renata
242 156
Added connection Elisabeta - Carla
215 246
Added connection Zamfira - Zaraza
148 205
Added connection Dochia - Sinica
234 384
Added connection Vlad - Maximilian
227 183
Added connection Leopoldina - Larisa
155 404
Added connection Amelia - Angela
155 97
Added connection Amelia - Daiana
155 359
Added connection Amelia - Eric
155 14
Added connection Amelia - Evanghelina
155 484
Added connection Amelia - Florina
155 465
Added connection Amelia - Ieremia
155 431
Added connection Amelia - Ioan
155 489
Added connection Amelia - Iris
155 129
Added connection Amelia - Lorin
155 367
Added connection Amelia - Paul
155 55
Added connection Amelia - Tania
155 415
Added connection Amelia - Varvara
287 182
Added connection Carmen - Natasa
404 97
Added connection Angela - Daiana
404 359
Added connection Angela - Eric
404 14
Added connection Angela - Evanghelina
404 484
Added connection Angela - Florina
404 465
Added connection Angela - Ieremia
404 431
Added connection Angela - Ioan
404 489
Added connection Angela - Iris
404 129
Added connection Angela - Lorin
404 367
Added connection Angela - Paul
404 55
Added connection Angela - Tania
404 415
Added connection Angela - Varvara
515 231
Added connection Ioana - Margareta
456 90
Added connection Gregorian - Marioara
97 359
Added connection Daiana - Eric
97 14
Added connection Daiana - Evanghelina
97 484
Added connection Daiana - Florina
97 465
Added connection Daiana - Ieremia
97 431
Added connection Daiana - Ioan
97 489
Added connection Daiana - Iris
97 129
Added connection Daiana - Lorin
97 367
Added connection Daiana - Paul
97 55
Added connection Daiana - Tania
97 415
Added connection Daiana - Varvara
295 103
Added connection Maricica - Andrian
67 8
Added connection Tudosia - Iosefina
10 210
Added connection Amedeu - Stelian
359 14
Added connection Eric - Evanghelina
359 484
Added connection Eric - Florina
359 465
Added connection Eric - Ieremia
359 431
Added connection Eric - Ioan
359 489
Added connection Eric - Iris
359 129
Added connection Eric - Lorin
359 367
Added connection Eric - Paul
359 55
Added connection Eric - Tania
359 415
Added connection Eric - Varvara
149 190
Added connection Claudia - Gabi
348 160
Added connection Antonie - Stan
127 46
Added connection Simona - Rada
461 509
Added connection Brandusa - Marta
14 484
Added connection Evanghelina - Florina
14 465
Added connection Evanghelina - Ieremia
14 431
Added connection Evanghelina - Ioan
14 489
Added connection Evanghelina - Iris
14 129
Added connection Evanghelina - Lorin
14 367
Added connection Evanghelina - Paul
14 55
Added connection Evanghelina - Tania
14 415
Added connection Evanghelina - Varvara
273 308
Added connection Aristita - Nichifor
72 106
Added connection Eftimie - Dida
237 49
Added connection Magdalena - Eugenia
364 480
Added connection Nidia - Fiona
97 468
Added connection Daiana - Aneta
484 465
Added connection Florina - Ieremia
484 431
Added connection Florina - Ioan
484 489
Added connection Florina - Iris
484 129
Added connection Florina - Lorin
484 367
Added connection Florina - Paul
484 55
Added connection Florina - Tania
484 415
Added connection Florina - Varvara
402 449
Added connection Darius - Iulia
251 442
Added connection Virginia - Sava
227 175
Added connection Leopoldina - Augustin
211 217
Added connection Ion - Marcel
298 367
Added connection Inocentiu - Paul
257 419
Added connection Silviu - Niculina
465 431
Added connection Ieremia - Ioan
465 489
Added connection Ieremia - Iris
465 129
Added connection Ieremia - Lorin
465 367
Added connection Ieremia - Paul
465 55
Added connection Ieremia - Tania
465 415
Added connection Ieremia - Varvara
276 362
Added connection Casandra - Norica
158 373
Added connection Pompiliu - Adrian
180 140
Added connection Vincentiu - Laurentiu
422 513
Added connection Erica - Lazar
350 464
Added connection Ortansa - Adonis
381 176
Added connection Emanuil - Dumitrana
391 250
Added connection Filip - Georgel
431 489
Added connection Ioan - Iris
431 129
Added connection Ioan - Lorin
431 367
Added connection Ioan - Paul
431 55
Added connection Ioan - Tania
431 415
Added connection Ioan - Varvara
70 468
Added connection Petruta - Aneta
506 130
Added connection Petrisor - Andrada
9 71
Added connection Malina - Noemi
55 270
Added connection Tania - Matei
460 174
Added connection Carmina - Aura
372 284
Added connection Iustin - Felicia
198 275
Added connection Bartolomeu - Lelia
196 320
Added connection Panagachie - Oana
489 129
Added connection Iris - Lorin
489 367
Added connection Iris - Paul
489 55
Added connection Iris - Tania
489 415
Added connection Iris - Varvara
388 234
Added connection Romulus - Vlad
191 20
Added connection Tamara - Dacian
376 17
Added connection Leontin - Ilarion
125 480
Added connection Zamfir - Fiona
171 156
Added connection Anamaria - Carla
462 452
Added connection Irina - Silvian
400 422
Added connection Andreea - Erica
394 393
Added connection Celia - Nicu
99 173
Added connection Luana - Codrina
129 367
Added connection Lorin - Paul
129 55
Added connection Lorin - Tania
129 415
Added connection Lorin - Varvara
440 274
Added connection Laurentia - Dumitra
198 166
Added connection Bartolomeu - Ruxandra
383 379
Added connection Iuliana - Gheorghe
275 237
Added connection Lelia - Magdalena
490 363
Added connection Edgar - Plesu
492 359
Added connection Maia - Eric
361 504
Added connection Catalina - Ovidiu
143 154
Added connection Anastasia - Ana
386 372
Added connection Amanda - Iustin
2 293
Added connection Andra - Ghita
367 55
Added connection Paul - Tania
367 415
Added connection Paul - Varvara
321 328
Added connection Laurian - Beniamin
498 108
Added connection Florian - Mariuca
55 179
Added connection Tania - Razvan
235 352
Added connection Patricia - Beatrice
230 196
Added connection Theodor - Panagachie
303 210
Added connection Rafael - Stelian
144 275
Added connection Paula - Lelia
50 391
Added connection Tinca - Filip
504 488
Added connection Ovidiu - Olga
498 318
Added connection Florian - Octavia
423 260
Added connection Cosmin - Aurelia
55 415
Added connection Tania - Varvara
70 500
Added connection Petruta - Iridenta
226 307
Added connection George - Dan
101 350
Added connection Sabin - Ortansa
229 141
Added connection Paulica - Madalina
68 168
Added connection Casian - Vasile
303 367
Added connection Rafael - Paul
127 505
Added connection Simona - Olivia
281 378
Added connection Alis - Liana
469 410
Added connection Carina - Nicoara
445 162
Added connection Camelia - Bernard
37 469
Added connection Ionela - Carina
234 111
Added connection Vlad - Anica
214 96
Added connection Artemisa - Axinte
214 138
Added connection Artemisa - Crenguta
214 372
Added connection Artemisa - Iustin
214 275
Added connection Artemisa - Lelia
214 79
Added connection Artemisa - Timea
95 407
Added connection Haralambie - Evelina
96 138
Added connection Axinte - Crenguta
96 372
Added connection Axinte - Iustin
96 275
Added connection Axinte - Lelia
96 79
Added connection Axinte - Timea
205 55
Added connection Sinica - Tania
265 366
Added connection Ionut - Manuela
138 372
Added connection Crenguta - Iustin
138 275
Added connection Crenguta - Lelia
138 79
Added connection Crenguta - Timea
221 171
Added connection Traian - Anamaria
453 426
Added connection Jeana - Basarab
415 114
Added connection Varvara - Maxim
372 275
Added connection Iustin - Lelia
372 79
Added connection Iustin - Timea
304 502
Added connection Jana - Ionica
117 401
Added connection Francesca - Horatiu
514 410
Added connection Nicusor - Nicoara
9 479
Added connection Malina - Ina
275 79
Added connection Lelia - Timea
249 318
Added connection Doriana - Octavia
316 413
Added connection Minodora - Pavel
422 258
Added connection Erica - Fiodor
261 71
Added connection Horia - Noemi
338 34
Added connection Georgeta - Marcu
91 238
Added connection Antonia - Georgiana
91 69
Added connection Antonia - Valeriu
91 415
Added connection Antonia - Varvara
91 215
Added connection Antonia - Zamfira
89 294
Added connection Ducu - Mihail
238 69
Added connection Georgiana - Valeriu
238 415
Added connection Georgiana - Varvara
238 215
Added connection Georgiana - Zamfira
468 83
Added connection Aneta - Ioanina
287 500
Added connection Carmen - Iridenta
69 415
Added connection Valeriu - Varvara
69 215
Added connection Valeriu - Zamfira
149 183
Added connection Claudia - Larisa
281 236
Added connection Alis - Cazimir
234 179
Added connection Vlad - Razvan
415 215
Added connection Varvara - Zamfira
70 189
Added connection Petruta - Narcis
314 405
Added connection Dorinel - Sanda
139 110
Added connection Stefania - Gheorghita
361 30
Added connection Catalina - Tiberiu
10 406
Added connection Amedeu - Cristea
10 11
Added connection Amedeu - Iancu
10 372
Added connection Amedeu - Iustin
10 403
Added connection Amedeu - Ludovica
10 45
Added connection Amedeu - Olimpia
10 30
Added connection Amedeu - Tiberiu
179 267
Added connection Razvan - Crina
406 11
Added connection Cristea - Iancu
406 372
Added connection Cristea - Iustin
406 403
Added connection Cristea - Ludovica
406 45
Added connection Cristea - Olimpia
406 30
Added connection Cristea - Tiberiu
66 256
Added connection Livia - Alice
241 467
Added connection Izabela - Viorela
11 372
Added connection Iancu - Iustin
11 403
Added connection Iancu - Ludovica
11 45
Added connection Iancu - Olimpia
11 30
Added connection Iancu - Tiberiu
128 75
Added connection Gherghina - Octaviu
241 504
Added connection Izabela - Ovidiu
131 169
Added connection Angel - Bucur
372 403
Added connection Iustin - Ludovica
372 45
Added connection Iustin - Olimpia
372 30
Added connection Iustin - Tiberiu
329 66
Added connection Dragos - Livia
390 129
Added connection Lacramioara - Lorin
203 262
Added connection Alex - Luca
369 427
Added connection Aristide - Daniela
403 45
Added connection Ludovica - Olimpia
403 30
Added connection Ludovica - Tiberiu
393 18
Added connection Nicu - Voicu
383 415
Added connection Iuliana - Varvara
272 500
Added connection Renata - Iridenta
73 347
Added connection Blanduzia - Ica
111 186
Added connection Anica - Draga
45 30
Added connection Olimpia - Tiberiu
286 263
Added connection Alma - Antoaneta
30 217
Added connection Tiberiu - Marcel
275 223
Added connection Lelia - Elvira
390 183
Added connection Lacramioara - Larisa
4 260
Added connection Sever - Aurelia
456 508
Added connection Gregorian - Gabriel
373 10
Added connection Adrian - Amedeu
373 468
Added connection Adrian - Aneta
373 431
Added connection Adrian - Ioan
373 31
Added connection Adrian - Iosif
373 317
Added connection Adrian - Jan
373 33
Added connection Adrian - Marga
373 101
Added connection Adrian - Sabin
373 319
Added connection Adrian - Stancu
373 467
Added connection Adrian - Viorela
100 278
Added connection Didina - Florenta
10 468
Added connection Amedeu - Aneta
10 431
Added connection Amedeu - Ioan
10 31
Added connection Amedeu - Iosif
10 317
Added connection Amedeu - Jan
10 33
Added connection Amedeu - Marga
10 101
Added connection Amedeu - Sabin
10 319
Added connection Amedeu - Stancu
10 467
Added connection Amedeu - Viorela
507 215
Added connection Alberta - Zamfira
132 24
Added connection Aurelian - Mihnea
468 431
Added connection Aneta - Ioan
468 31
Added connection Aneta - Iosif
468 317
Added connection Aneta - Jan
468 33
Added connection Aneta - Marga
468 101
Added connection Aneta - Sabin
468 319
Added connection Aneta - Stancu
468 467
Added connection Aneta - Viorela
186 250
Added connection Draga - Georgel
127 385
Added connection Simona - Tudora
60 275
Added connection Irinel - Lelia
431 31
Added connection Ioan - Iosif
431 317
Added connection Ioan - Jan
431 33
Added connection Ioan - Marga
431 101
Added connection Ioan - Sabin
431 319
Added connection Ioan - Stancu
431 467
Added connection Ioan - Viorela
517 88
Added connection Rica - Adina
452 331
Added connection Silvian - Iolanda
281 511
Added connection Alis - Bianca
67 274
Added connection Tudosia - Dumitra
31 317
Added connection Iosif - Jan
31 33
Added connection Iosif - Marga
31 101
Added connection Iosif - Sabin
31 319
Added connection Iosif - Stancu
31 467
Added connection Iosif - Viorela
124 59
Added connection Adelina - Ilona
112 457
Added connection Teodosia - Zoe
149 71
Added connection Claudia - Noemi
391 366
Added connection Filip - Manuela
93 442
Added connection Xenia - Sava
317 33
Added connection Jan - Marga
317 101
Added connection Jan - Sabin
317 319
Added connection Jan - Stancu
317 467
Added connection Jan - Viorela
470 292
Added connection Ozana - Clarisa
103 320
Added connection Andrian - Oana
462 368
Added connection Irina - Miruna
465 321
Added connection Ieremia - Laurian
131 250
Added connection Angel - Georgel
433 156
Added connection Rafila - Carla
33 101
Added connection Marga - Sabin
33 319
Added connection Marga - Stancu
33 467
Added connection Marga - Viorela
195 412
Added connection Ruxanda - Rodica
32 40
Added connection Codrut - Emilia
94 83
Added connection Voichita - Ioanina
295 181
Added connection Maricica - Emanuela
108 456
Added connection Mariuca - Gregorian
161 81
Added connection David - Constantina
235 47
Added connection Patricia - Aglaia
101 319
Added connection Sabin - Stancu
101 467
Added connection Sabin - Viorela
299 100
Added connection Vlaicu - Didina
400 75
Added connection Andreea - Octaviu
416 186
Added connection Lorelei - Draga
168 323
Added connection Vasile - Flaviu
516 308
Added connection Eliza - Nichifor
183 393
Added connection Larisa - Nicu
232 362
Added connection Cosmina - Norica
37 132
Added connection Ionela - Aurelian
319 467
Added connection Stancu - Viorela
314 361
Added connection Dorinel - Catalina
357 422
Added connection Andrei - Erica
153 454
Added connection Banel - Petronela
306 218
Added connection Mirabela - Arsenie
185 107
Added connection Frusina - Carol
378 490
Added connection Liana - Edgar
94 271
Added connection Voichita - Aurel
507 227
Added connection Alberta - Leopoldina
487 390
Added connection Cristobal - Lacramioara
