Added connection Amza - Denisa
Added connection Amza - Gabriel
Added connection Amza - Sabrina
Added connection Amza - Constantin
Added connection Amza - Basarab
Added connection Stelian - Crenguta
Added connection Patricia - Stelian
Added connection Aurel - Patricia
Added connection Bogdana - Aurel
Added connection Octaviana - Bogdana
Added connection Tania - Octaviana
Added connection Constanta - Tania
Added connection Stelian - Constanta
Added connection Ghita - Stelian
Added connection Dinu - Ghita
Added connection Laurian - Eric
Added connection Eric - Iustin
Added connection Eric - Pamela
Added connection Eric - Ozana
Added connection Eric - Relu
Added connection Eric - Dana
Added connection Eric - Crenguta
Added connection Dinu - Crenguta
Added connection Pamela - Crenguta
The common friends between Eric and Crenguta are:
Pamela
Added connection Axinte - Ana
Added connection Ana - Filip
Added connection Ana - Pavel
Added connection Ana - Frederic
Added connection Ana - Adelina
Added connection Ana - Salomea
Added connection Ana - Daria
Added connection Ana - Loredana
Added connection Ana - Marta
Added connection Ana - Relu
Ana has 10 friends
Added connection Anamaria - Razvan
Added connection Anamaria - Dalia
Added connection Anamaria - Estera
Added connection Anamaria - Mina
Added connection Anamaria - Filofteia
Added connection Anamaria - Haralamb
Anamaria has 6 friends
Added connection Tiberiu - Dominic
Added connection Tiberiu - Gratian
Added connection Tiberiu - Raul
Tiberiu has 3 friends
Added connection Ana - Anamaria
Ana is the most popular
Ana is the most popular friend of Anamaria
Tiberiu is the most popular
Added connection Alida - Petronela
Added connection Dorin - Nicoleta
Added connection Paulica - Ioanina
Added connection Anisoara - Constanta
Added connection Anisoara - Cristina
Added connection Anisoara - Maria
Added connection Livia - Voicu
Added connection Constanta - Cristina
Added connection Constanta - Maria
Added connection Minodora - Livia
Added connection Iosefina - Ozana
Added connection Cristina - Maria
Added connection Eufrosina - Claudia
Added connection Dacian - Alex
Added connection Benone - Olivia
Added connection Adam - Daciana
Added connection Adam - Emilia
Added connection Adam - Nicoleta
Added connection Adonis - Octaviana
Added connection Daciana - Emilia
Added connection Daciana - Nicoleta
Added connection Doina - Emilia
Added connection Adam - Lucretiu
Added connection Emilia - Nicoleta
Added connection Ortansa - Dida
Added connection Mihail - Alexandra
Added connection Catalina - Ioana
Added connection Arsenie - Giorgiana
Added connection Arsenie - Nicodim
Added connection Arsenie - Tania
Added connection Tincuta - Ramona
Added connection Giorgiana - Nicodim
Added connection Giorgiana - Tania
Added connection Eduard - Viorel
Added connection Henrieta - Salomea
Added connection Nicodim - Tania
Added connection Dumitrana - Sorin
Added connection Luana - Anatolie
Added connection Daniela - Felix
Added connection Antoniu - Nicuta
Added connection Nicuta - Denis
Added connection Denis - Fabian
The distance between Antoniu - Fabian is 3
Added connection Antoniu - Dorinel
Added connection Antoniu - Sever
Added connection Antoniu - Mihail
There is no way to get from Antoniu to Marta
There is no way to get from Antoniu to Aurel
There is no way to get from Antoniu to Gabriel
There is no way to get from Antoniu to Felix
There is no way to get from Antoniu to Paulica
Added connection Liana - Calin
Added connection Calin - Leonard
Added connection Calin - Emil
Added connection Calin - Felicia
Added connection Calin - Octaviana
Added connection Calin - Dalia
Suggestions for Liana:
Emil
Leonard
Felicia
Octaviana
Dalia
Added connection Sorin - Teodora
Added connection Sorin - Francisc
Added connection Sorin - Agnos
Added connection Sorin - Zaraza
Added connection Sorin - Nidia
