Added connection Marioara - Vasile
Added connection Vasile - Sabin
Added connection Vasile - Agripina
Added connection Vasile - Ioanina
Added connection Vasile - Daniel
Added connection Vasile - Sabrina
Added connection Vasile - Horatiu
Added connection Vasile - Codruta
Added connection Vasile - Atena
Added connection Vasile - Renata
Vasile has 10 friends
Added connection Mugur - Dochia
Added connection Mugur - Madalin
Added connection Mugur - Arina
Added connection Mugur - Edgar
Added connection Mugur - Ioanina
Added connection Mugur - Zeno
Added connection Mugur - Valentina
Added connection Mugur - Cleopatra
Added connection Virginia - Doru
Added connection Mugur - Alberta
Mugur has 9 friends
Added connection Emanoil - Augustina
Added connection Emanoil - Xenia
Added connection Emanoil - Stana
Added connection Emanoil - Gheorghita
Added connection Emanoil - Octaviu
Added connection Emanoil - Jean
Emanoil has 6 friends
Added connection Vasile - Mugur
Vasile is the most popular
Vasile is the most popular friend of Mugur
Emanoil is the most popular
Added connection Atena - Stancu
Added connection Alida - Aristita
Added connection Marius - Clarisa
Added connection Octav - Cazimir
Added connection Cosmina - Aurora
Added connection Axenia - Nidia
Added connection Axenia - Irinel
Added connection Axenia - Sidonia
Axenia has 3 friends
Added connection Valter - Erica
Added connection Valter - Eliana
Added connection Valter - Carina
Valter has 3 friends
Added connection Axenia - Valter
Axenia has 4 friends
Valter has 4 friends
Axenia is the most popular
Valter is the most popular
Doru is the most popular
Valter is the most popular friend of Eliana
Vasile is the most popular friend of Codruta
Mugur is the most popular friend of Dochia
Atena is the most popular friend of Stancu
Added connection Arsenie - Magdalena
Added connection Magdalena - Sabin
Added connection Magdalena - Eugen
Added connection Magdalena - Eliza
Added connection Magdalena - Ioanina
Added connection Magdalena - Pompiliu
Suggestions for Arsenie:
Ioanina
Sabin
Pompiliu
Eugen
Eliza
Added connection Magdalena - Dariana
Added connection Magdalena - Larisa
Added connection Magdalena - Traian
Added connection Magdalena - Florian
Added connection Magdalena - Lucia
Added connection Stancu - Virginia
Added connection Vasile - Erica
Added connection Daniel - Horatiu
Added connection Augustina - Traian
Added connection Doru - Arsenie
Added connection Eugen - Cleopatra
Added connection Alida - Nidia
Added connection Arsenie - Alida
Added connection Magdalena - Arina
Added connection Eugen - Zeno
Suggestions for Alberta:
Zeno
Ioanina
Cleopatra
Dochia
Vasile
Madalin
Valentina
Edgar
Arina
There are no suggestions for Marius
Suggestions for Arsenie:
Ioanina
Sabin
Pompiliu
Larisa
Traian
Virginia
Aristita
Dariana
Eugen
Nidia
Lucia
Florian
Arina
Eliza
Suggestions for Irinel:
Nidia
Valter
Sidonia
There are no suggestions for Octav
Added connection Dorina - Tania
Added connection Tania - Nicodim
Added connection Tania - Visarion
Added connection Tania - Iulia
Added connection Tania - Daniela
Added connection Tania - Crina
Added connection Stana - Sidonia
Added connection Madalin - Sidonia
Added connection Sabrina - Sidonia
No common friends for Tania and Sidonia
Added connection Vladimir - Axenia
Added connection Paula - Celia
Added connection Daniela - Benone
Added connection Teodosia - Rica
Added connection Agnos - Zaharia
Added connection Rica - Ioanina
Added connection Gheorghita - Magdalena
Added connection Zaharia - Eliza
Added connection Eliana - Codruta
Added connection Edgar - Zaharia
Added connection Zaharia - Cazimir
Added connection Xenia - Sabrina
Added connection Celia - Xenia
Added connection Cosmina - Eliana
Added connection Dorina - Xenia
No common friends for Nicodim and Cleopatra
No common friends for Rica and Carina
No common friends for Vasile and Dariana
The common friends between Florian and Arina are:
Magdalena
No common friends for Augustina and Octav
Added connection Cristina - Mihai
Added connection Cristina - Zaharia
Added connection Cristina - Daniela
A
Crashed
