Added connection Eftimie - Ludovica
72 403
Added connection Ludovica - Henrieta
403 159
Added connection Henrieta - Irinel
159 60
Added connection Irinel - Cerasela
60 344
Added connection Cerasela - Malina
344 9
Added connection Malina - Constantina
9 81
Added connection Constantina - Cedrin
81 512
Added connection Cedrin - Amelia
512 155
Added connection Amelia - Flavia
155 167
Added connection Flavia - Ionela
167 37
Added connection Ionela - Iosefina
37 8
Added connection Iosefina - Laurian
8 321
Added connection Laurian - Eugen
321 354
Added connection Eugen - Antoaneta
354 263
Added connection Antoaneta - Letitia
263 497
Added connection Eftimie - Cristian
72 389
Added connection Eftimie - Sandu
72 76
Added connection Eftimie - Olga
72 488
Added connection Iustin - Anemona
372 64
Added connection Eftimie - Sinica
72 205
Added connection Eftimie - Alexandru
72 243
Added connection Eftimie - Darius
72 402
Added connection Eftimie - Xenia
72 93
Added connection Eftimie - Henrieta
72 159
Added connection Eftimie - Grigore
72 137
Added connection Eftimie - Horea
72 326
Added connection Eftimie - Rafael
72 303
Added connection Eftimie - Corina
72 255
Added connection Eftimie - Voichita
72 94
Added connection Eftimie - Amza
72 104
Added connection Daciana - Marcu
187 34
Added connection Marcu - Henrieta
34 159
Added connection Henrieta - Zina
159 207
Added connection Zina - Radu
207 341
Added connection Radu - Timea
341 79
Added connection Timea - Iacob
79 392
Added connection Iacob - Felix
392 3
Added connection Felix - Magdalena
3 237
Added connection Magdalena - Eusebia
237 455
Added connection Eusebia - Ivona
455 77
Added connection Daciana - Leontin
187 376
Added connection Leontin - Ruxandra
376 166
Added connection Ruxandra - Caius
166 333
Added connection Caius - Ivona
333 77
Added connection Bartolomeu - Vasile
198 168
Added connection Vasile - Iosif
168 31
Added connection Vasile - Ioanina
168 83
Added connection Vasile - Dumitra
168 274
Added connection Aristita - Olimpia
273 45
Added connection Vasile - Valter
168 408
Added connection Vasile - Emil
168 26
Added connection Niculina - Florentina
419 312
Added connection Vasile - Vicentiu
168 374
Added connection Vasile - Panagachie
168 196
Added connection Vasile - Nichifor
168 308
Added connection Aristita - Vicentiu
273 374
Added connection Dumitra - Niculina
274 419
Added connection Iosif - Vicentiu
31 374
Added connection Dumitra - Emil
274 26
Added connection Bartolomeu - Ioanina
198 83
Added connection Florentina - Vicentiu
312 374
Added connection Niculina - Ioanina
419 83
Added connection Niculina - Emil
419 26
Added connection Iosif - Bartolomeu
31 198
Added connection Niculina - Vicentiu
419 374
Added connection Paulina - Tudor
248 325
Added connection Tudor - Haralambie
325 95
Added connection Elodia - Cristobal
288 487
Added connection Tudor - Mihnea
325 24
Added connection Tudor - Florian
325 498
Added connection Tudor - Narcis
325 189
Added connection Narcis - Cristobal
189 487
Added connection Tudor - Cristobal
325 487
Added connection Florian - Cristobal
498 487
Added connection Florin - Lucia
337 438
Added connection Ion - Betina
211 188
Added connection Zaharia - Renata
252 272
Added connection Eva - Mihnea
377 24
Added connection Ortansa - Nicusor
350 514
Added connection Eva - Betina
377 188
Added connection Tudor - Ortansa
325 350
Added connection Mihnea - Florin
24 337
Added connection Ortansa - Florian
350 498
Added connection Zaharia - Betina
252 188
Added connection Elodia - Ortansa
288 350
Added connection Tudor - Lucia
325 438
Added connection Eva - Narcis
377 189
Added connection Ion - Elodia
211 288
Added connection Florian - Renata
498 272
Added connection Sava - Panagachie
442 196
Added connection Panagachie - Basarab
196 426
Added connection Panagachie - Ruxandra
196 166
Added connection Panagachie - Vasilica
196 102
Added connection Panagachie - Loredana
196 22
Added connection Panagachie - Relu
196 85
Added connection Panagachie - Mioara
196 346
Added connection Panagachie - Dumitru
196 21
Added connection Panagachie - Adam
196 8
Crashed
